<?xml version="1.0" encoding="UTF-8"?>
<testsuite xmlns:xsi="http://www.w3.org/2001/XMLSchema-instance" xsi:noNamespaceSchemaLocation="https://maven.apache.org/surefire/maven-surefire-plugin/xsd/surefire-test-report.xsd" name="com.umass.elena.ElenaApplicationTests" time="0.861" tests="1" errors="0" skipped="0" failures="0">
  <properties>
    <property name="java.specification.version" value="17"/>
    <property name="sun.jnu.encoding" value="UTF-8"/>
    <property name="java.class.path" value="/Users/k_l_deepthi/Documents/new_elena/Elena/Elena-Backend/target/test-classes:/Users/k_l_deepthi/Documents/new_elena/Elena/Elena-Backend/target/classes:/Users/k_l_deepthi/.m2/repository/org/springframework/boot/spring-boot-starter-web/3.0.6/spring-boot-starter-web-3.0.6.jar:/Users/k_l_deepthi/.m2/repository/org/springframework/boot/spring-boot-starter/3.0.6/spring-boot-starter-3.0.6.jar:/Users/k_l_deepthi/.m2/repository/org/springframework/boot/spring-boot/3.0.6/spring-boot-3.0.6.jar:/Users/k_l_deepthi/.m2/repository/org/springframework/boot/spring-boot-autoconfigure/3.0.6/spring-boot-autoconfigure-3.0.6.jar:/Users/k_l_deepthi/.m2/repository/org/springframework/boot/spring-boot-starter-logging/3.0.6/spring-boot-starter-logging-3.0.6.jar:/Users/k_l_deepthi/.m2/repository/ch/qos/logback/logback-classic/1.4.7/logback-classic-1.4.7.jar:/Users/k_l_deepthi/.m2/repository/ch/qos/logback/logback-core/1.4.7/logback-core-1.4.7.jar:/Users/k_l_deepthi/.m2/repository/org/apache/logging/log4j/log4j-to-slf4j/2.19.0/log4j-to-slf4j-2.19.0.jar:/Users/k_l_deepthi/.m2/repository/org/apache/logging/log4j/log4j-api/2.19.0/log4j-api-2.19.0.jar:/Users/k_l_deepthi/.m2/repository/org/slf4j/jul-to-slf4j/2.0.7/jul-to-slf4j-2.0.7.jar:/Users/k_l_deepthi/.m2/repository/jakarta/annotation/jakarta.annotation-api/2.1.1/jakarta.annotation-api-2.1.1.jar:/Users/k_l_deepthi/.m2/repository/org/yaml/snakeyaml/1.33/snakeyaml-1.33.jar:/Users/k_l_deepthi/.m2/repository/org/springframework/boot/spring-boot-starter-json/3.0.6/spring-boot-starter-json-3.0.6.jar:/Users/k_l_deepthi/.m2/repository/com/fasterxml/jackson/core/jackson-databind/2.14.2/jackson-databind-2.14.2.jar:/Users/k_l_deepthi/.m2/repository/com/fasterxml/jackson/core/jackson-annotations/2.14.2/jackson-annotations-2.14.2.jar:/Users/k_l_deepthi/.m2/repository/com/fasterxml/jackson/core/jackson-core/2.14.2/jackson-core-2.14.2.jar:/Users/k_l_deepthi/.m2/repository/com/fasterxml/jackson/datatype/jackson-datatype-jdk8/2.14.2/jackson-datatype-jdk8-2.14.2.jar:/Users/k_l_deepthi/.m2/repository/com/fasterxml/jackson/datatype/jackson-datatype-jsr310/2.14.2/jackson-datatype-jsr310-2.14.2.jar:/Users/k_l_deepthi/.m2/repository/com/fasterxml/jackson/module/jackson-module-parameter-names/2.14.2/jackson-module-parameter-names-2.14.2.jar:/Users/k_l_deepthi/.m2/repository/org/springframework/boot/spring-boot-starter-tomcat/3.0.6/spring-boot-starter-tomcat-3.0.6.jar:/Users/k_l_deepthi/.m2/repository/org/apache/tomcat/embed/tomcat-embed-core/10.1.8/tomcat-embed-core-10.1.8.jar:/Users/k_l_deepthi/.m2/repository/org/apache/tomcat/embed/tomcat-embed-el/10.1.8/tomcat-embed-el-10.1.8.jar:/Users/k_l_deepthi/.m2/repository/org/apache/tomcat/embed/tomcat-embed-websocket/10.1.8/tomcat-embed-websocket-10.1.8.jar:/Users/k_l_deepthi/.m2/repository/org/springframework/spring-web/6.0.8/spring-web-6.0.8.jar:/Users/k_l_deepthi/.m2/repository/org/springframework/spring-beans/6.0.8/spring-beans-6.0.8.jar:/Users/k_l_deepthi/.m2/repository/io/micrometer/micrometer-observation/1.10.6/micrometer-observation-1.10.6.jar:/Users/k_l_deepthi/.m2/repository/io/micrometer/micrometer-commons/1.10.6/micrometer-commons-1.10.6.jar:/Users/k_l_deepthi/.m2/repository/org/springframework/spring-webmvc/6.0.8/spring-webmvc-6.0.8.jar:/Users/k_l_deepthi/.m2/repository/org/springframework/spring-aop/6.0.8/spring-aop-6.0.8.jar:/Users/k_l_deepthi/.m2/repository/org/springframework/spring-context/6.0.8/spring-context-6.0.8.jar:/Users/k_l_deepthi/.m2/repository/org/springframework/spring-expression/6.0.8/spring-expression-6.0.8.jar:/Users/k_l_deepthi/.m2/repository/org/jgrapht/jgrapht-core/1.5.1/jgrapht-core-1.5.1.jar:/Users/k_l_deepthi/.m2/repository/org/jheaps/jheaps/0.13/jheaps-0.13.jar:/Users/k_l_deepthi/.m2/repository/com/google/maps/google-maps-services/2.2.0/google-maps-services-2.2.0.jar:/Users/k_l_deepthi/.m2/repository/com/squareup/okhttp3/okhttp/4.10.0/okhttp-4.10.0.jar:/Users/k_l_deepthi/.m2/repository/com/squareup/okio/okio-jvm/3.0.0/okio-jvm-3.0.0.jar:/Users/k_l_deepthi/.m2/repository/org/jetbrains/kotlin/kotlin-stdlib-jdk8/1.7.22/kotlin-stdlib-jdk8-1.7.22.jar:/Users/k_l_deepthi/.m2/repository/org/jetbrains/kotlin/kotlin-stdlib-jdk7/1.7.22/kotlin-stdlib-jdk7-1.7.22.jar:/Users/k_l_deepthi/.m2/repository/org/jetbrains/kotlin/kotlin-stdlib-common/1.7.22/kotlin-stdlib-common-1.7.22.jar:/Users/k_l_deepthi/.m2/repository/org/jetbrains/kotlin/kotlin-stdlib/1.7.22/kotlin-stdlib-1.7.22.jar:/Users/k_l_deepthi/.m2/repository/org/jetbrains/annotations/13.0/annotations-13.0.jar:/Users/k_l_deepthi/.m2/repository/com/google/code/gson/gson/2.9.1/gson-2.9.1.jar:/Users/k_l_deepthi/.m2/repository/io/opencensus/opencensus-api/0.31.0/opencensus-api-0.31.0.jar:/Users/k_l_deepthi/.m2/repository/io/grpc/grpc-context/1.27.2/grpc-context-1.27.2.jar:/Users/k_l_deepthi/.m2/repository/org/slf4j/slf4j-api/2.0.7/slf4j-api-2.0.7.jar:/Users/k_l_deepthi/.m2/repository/org/slf4j/slf4j-simple/1.7.25/slf4j-simple-1.7.25.jar:/Users/k_l_deepthi/.m2/repository/org/springframework/boot/spring-boot-starter-test/3.0.6/spring-boot-starter-test-3.0.6.jar:/Users/k_l_deepthi/.m2/repository/org/springframework/boot/spring-boot-test/3.0.6/spring-boot-test-3.0.6.jar:/Users/k_l_deepthi/.m2/repository/org/springframework/boot/spring-boot-test-autoconfigure/3.0.6/spring-boot-test-autoconfigure-3.0.6.jar:/Users/k_l_deepthi/.m2/repository/com/jayway/jsonpath/json-path/2.7.0/json-path-2.7.0.jar:/Users/k_l_deepthi/.m2/repository/net/minidev/json-smart/2.4.10/json-smart-2.4.10.jar:/Users/k_l_deepthi/.m2/repository/net/minidev/accessors-smart/2.4.9/accessors-smart-2.4.9.jar:/Users/k_l_deepthi/.m2/repository/org/ow2/asm/asm/9.3/asm-9.3.jar:/Users/k_l_deepthi/.m2/repository/jakarta/xml/bind/jakarta.xml.bind-api/4.0.0/jakarta.xml.bind-api-4.0.0.jar:/Users/k_l_deepthi/.m2/repository/jakarta/activation/jakarta.activation-api/2.1.1/jakarta.activation-api-2.1.1.jar:/Users/k_l_deepthi/.m2/repository/org/hamcrest/hamcrest/2.2/hamcrest-2.2.jar:/Users/k_l_deepthi/.m2/repository/org/junit/jupiter/junit-jupiter/5.9.2/junit-jupiter-5.9.2.jar:/Users/k_l_deepthi/.m2/repository/org/junit/jupiter/junit-jupiter-api/5.9.2/junit-jupiter-api-5.9.2.jar:/Users/k_l_deepthi/.m2/repository/org/opentest4j/opentest4j/1.2.0/opentest4j-1.2.0.jar:/Users/k_l_deepthi/.m2/repository/org/junit/platform/junit-platform-commons/1.9.2/junit-platform-commons-1.9.2.jar:/Users/k_l_deepthi/.m2/repository/org/apiguardian/apiguardian-api/1.1.2/apiguardian-api-1.1.2.jar:/Users/k_l_deepthi/.m2/repository/org/junit/jupiter/junit-jupiter-params/5.9.2/junit-jupiter-params-5.9.2.jar:/Users/k_l_deepthi/.m2/repository/org/junit/jupiter/junit-jupiter-engine/5.9.2/junit-jupiter-engine-5.9.2.jar:/Users/k_l_deepthi/.m2/repository/org/junit/platform/junit-platform-engine/1.9.2/junit-platform-engine-1.9.2.jar:/Users/k_l_deepthi/.m2/repository/org/mockito/mockito-core/4.8.1/mockito-core-4.8.1.jar:/Users/k_l_deepthi/.m2/repository/net/bytebuddy/byte-buddy/1.12.23/byte-buddy-1.12.23.jar:/Users/k_l_deepthi/.m2/repository/net/bytebuddy/byte-buddy-agent/1.12.23/byte-buddy-agent-1.12.23.jar:/Users/k_l_deepthi/.m2/repository/org/objenesis/objenesis/3.2/objenesis-3.2.jar:/Users/k_l_deepthi/.m2/repository/org/mockito/mockito-junit-jupiter/4.8.1/mockito-junit-jupiter-4.8.1.jar:/Users/k_l_deepthi/.m2/repository/org/skyscreamer/jsonassert/1.5.1/jsonassert-1.5.1.jar:/Users/k_l_deepthi/.m2/repository/com/vaadin/external/google/android-json/0.0.20131108.vaadin1/android-json-0.0.20131108.vaadin1.jar:/Users/k_l_deepthi/.m2/repository/org/springframework/spring-core/6.0.8/spring-core-6.0.8.jar:/Users/k_l_deepthi/.m2/repository/org/springframework/spring-jcl/6.0.8/spring-jcl-6.0.8.jar:/Users/k_l_deepthi/.m2/repository/org/springframework/spring-test/6.0.8/spring-test-6.0.8.jar:/Users/k_l_deepthi/.m2/repository/org/xmlunit/xmlunit-core/2.9.1/xmlunit-core-2.9.1.jar:/Users/k_l_deepthi/.m2/repository/com/arkondata/slothql-cypher_2.13/0.2-dev-09889bb1/slothql-cypher_2.13-0.2-dev-09889bb1.jar:/Users/k_l_deepthi/.m2/repository/org/scala-lang/scala-library/2.13.8/scala-library-2.13.8.jar:/Users/k_l_deepthi/.m2/repository/org/scala-lang/scala-reflect/2.13.8/scala-reflect-2.13.8.jar:/Users/k_l_deepthi/.m2/repository/com/chuusai/shapeless_2.13/2.3.9/shapeless_2.13-2.3.9.jar:/Users/k_l_deepthi/.m2/repository/org/typelevel/cats-core_2.13/2.7.0/cats-core_2.13-2.7.0.jar:/Users/k_l_deepthi/.m2/repository/org/typelevel/cats-kernel_2.13/2.7.0/cats-kernel_2.13-2.7.0.jar:/Users/k_l_deepthi/.m2/repository/org/typelevel/simulacrum-scalafix-annotations_2.13/0.5.4/simulacrum-scalafix-annotations_2.13-0.5.4.jar:/Users/k_l_deepthi/.m2/repository/org/typelevel/cats-free_2.13/2.7.0/cats-free_2.13-2.7.0.jar:/Users/k_l_deepthi/.m2/repository/org/typelevel/cats-effect_2.13/3.3.4/cats-effect_2.13-3.3.4.jar:/Users/k_l_deepthi/.m2/repository/org/typelevel/cats-effect-kernel_2.13/3.3.4/cats-effect-kernel_2.13-3.3.4.jar:/Users/k_l_deepthi/.m2/repository/org/typelevel/cats-effect-std_2.13/3.3.4/cats-effect-std_2.13-3.3.4.jar:/Users/k_l_deepthi/.m2/repository/co/fs2/fs2-core_2.13/3.2.0/fs2-core_2.13-3.2.0.jar:/Users/k_l_deepthi/.m2/repository/org/scodec/scodec-bits_2.13/1.1.29/scodec-bits_2.13-1.1.29.jar:/Users/k_l_deepthi/.m2/repository/co/fs2/fs2-reactive-streams_2.13/3.2.0/fs2-reactive-streams_2.13-3.2.0.jar:/Users/k_l_deepthi/.m2/repository/org/reactivestreams/reactive-streams/1.0.4/reactive-streams-1.0.4.jar:/Users/k_l_deepthi/.m2/repository/org/neo4j/driver/neo4j-java-driver/5.7.0/neo4j-java-driver-5.7.0.jar:/Users/k_l_deepthi/.m2/repository/io/netty/netty-handler/4.1.91.Final/netty-handler-4.1.91.Final.jar:/Users/k_l_deepthi/.m2/repository/io/netty/netty-common/4.1.91.Final/netty-common-4.1.91.Final.jar:/Users/k_l_deepthi/.m2/repository/io/netty/netty-resolver/4.1.91.Final/netty-resolver-4.1.91.Final.jar:/Users/k_l_deepthi/.m2/repository/io/netty/netty-buffer/4.1.91.Final/netty-buffer-4.1.91.Final.jar:/Users/k_l_deepthi/.m2/repository/io/netty/netty-transport/4.1.91.Final/netty-transport-4.1.91.Final.jar:/Users/k_l_deepthi/.m2/repository/io/netty/netty-transport-native-unix-common/4.1.91.Final/netty-transport-native-unix-common-4.1.91.Final.jar:/Users/k_l_deepthi/.m2/repository/io/netty/netty-codec/4.1.91.Final/netty-codec-4.1.91.Final.jar:/Users/k_l_deepthi/.m2/repository/io/netty/netty-tcnative-classes/2.0.59.Final/netty-tcnative-classes-2.0.59.Final.jar:/Users/k_l_deepthi/.m2/repository/io/projectreactor/reactor-core/3.5.5/reactor-core-3.5.5.jar:/Users/k_l_deepthi/.m2/repository/org/assertj/assertj-core/3.13.2/assertj-core-3.13.2.jar:/Users/k_l_deepthi/.m2/repository/org/jgrapht/jgrapht-jdk1.5/0.7.3/jgrapht-jdk1.5-0.7.3.jar:"/>
    <property name="java.vm.vendor" value="Oracle Corporation"/>
    <property name="sun.arch.data.model" value="64"/>
    <property name="java.vendor.url" value="https://java.oracle.com/"/>
    <property name="os.name" value="Mac OS X"/>
    <property name="java.vm.specification.version" value="17"/>
    <property name="sun.java.launcher" value="SUN_STANDARD"/>
    <property name="user.country" value="US"/>
    <property name="sun.boot.library.path" value="/Library/Java/JavaVirtualMachines/jdk-17.jdk/Contents/Home/lib"/>
    <property name="sun.java.command" value="/Users/k_l_deepthi/Documents/new_elena/Elena/Elena-Backend/target/surefire/surefirebooter9932048054421960726.jar /Users/k_l_deepthi/Documents/new_elena/Elena/Elena-Backend/target/surefire 2023-05-15T23-36-57_301-jvmRun1 surefire331162487353923052tmp surefire_09462558691751967904tmp"/>
    <property name="http.nonProxyHosts" value="local|*.local|169.254/16|*.169.254/16"/>
    <property name="jdk.debug" value="release"/>
    <property name="surefire.test.class.path" value="/Users/k_l_deepthi/Documents/new_elena/Elena/Elena-Backend/target/test-classes:/Users/k_l_deepthi/Documents/new_elena/Elena/Elena-Backend/target/classes:/Users/k_l_deepthi/.m2/repository/org/springframework/boot/spring-boot-starter-web/3.0.6/spring-boot-starter-web-3.0.6.jar:/Users/k_l_deepthi/.m2/repository/org/springframework/boot/spring-boot-starter/3.0.6/spring-boot-starter-3.0.6.jar:/Users/k_l_deepthi/.m2/repository/org/springframework/boot/spring-boot/3.0.6/spring-boot-3.0.6.jar:/Users/k_l_deepthi/.m2/repository/org/springframework/boot/spring-boot-autoconfigure/3.0.6/spring-boot-autoconfigure-3.0.6.jar:/Users/k_l_deepthi/.m2/repository/org/springframework/boot/spring-boot-starter-logging/3.0.6/spring-boot-starter-logging-3.0.6.jar:/Users/k_l_deepthi/.m2/repository/ch/qos/logback/logback-classic/1.4.7/logback-classic-1.4.7.jar:/Users/k_l_deepthi/.m2/repository/ch/qos/logback/logback-core/1.4.7/logback-core-1.4.7.jar:/Users/k_l_deepthi/.m2/repository/org/apache/logging/log4j/log4j-to-slf4j/2.19.0/log4j-to-slf4j-2.19.0.jar:/Users/k_l_deepthi/.m2/repository/org/apache/logging/log4j/log4j-api/2.19.0/log4j-api-2.19.0.jar:/Users/k_l_deepthi/.m2/repository/org/slf4j/jul-to-slf4j/2.0.7/jul-to-slf4j-2.0.7.jar:/Users/k_l_deepthi/.m2/repository/jakarta/annotation/jakarta.annotation-api/2.1.1/jakarta.annotation-api-2.1.1.jar:/Users/k_l_deepthi/.m2/repository/org/yaml/snakeyaml/1.33/snakeyaml-1.33.jar:/Users/k_l_deepthi/.m2/repository/org/springframework/boot/spring-boot-starter-json/3.0.6/spring-boot-starter-json-3.0.6.jar:/Users/k_l_deepthi/.m2/repository/com/fasterxml/jackson/core/jackson-databind/2.14.2/jackson-databind-2.14.2.jar:/Users/k_l_deepthi/.m2/repository/com/fasterxml/jackson/core/jackson-annotations/2.14.2/jackson-annotations-2.14.2.jar:/Users/k_l_deepthi/.m2/repository/com/fasterxml/jackson/core/jackson-core/2.14.2/jackson-core-2.14.2.jar:/Users/k_l_deepthi/.m2/repository/com/fasterxml/jackson/datatype/jackson-datatype-jdk8/2.14.2/jackson-datatype-jdk8-2.14.2.jar:/Users/k_l_deepthi/.m2/repository/com/fasterxml/jackson/datatype/jackson-datatype-jsr310/2.14.2/jackson-datatype-jsr310-2.14.2.jar:/Users/k_l_deepthi/.m2/repository/com/fasterxml/jackson/module/jackson-module-parameter-names/2.14.2/jackson-module-parameter-names-2.14.2.jar:/Users/k_l_deepthi/.m2/repository/org/springframework/boot/spring-boot-starter-tomcat/3.0.6/spring-boot-starter-tomcat-3.0.6.jar:/Users/k_l_deepthi/.m2/repository/org/apache/tomcat/embed/tomcat-embed-core/10.1.8/tomcat-embed-core-10.1.8.jar:/Users/k_l_deepthi/.m2/repository/org/apache/tomcat/embed/tomcat-embed-el/10.1.8/tomcat-embed-el-10.1.8.jar:/Users/k_l_deepthi/.m2/repository/org/apache/tomcat/embed/tomcat-embed-websocket/10.1.8/tomcat-embed-websocket-10.1.8.jar:/Users/k_l_deepthi/.m2/repository/org/springframework/spring-web/6.0.8/spring-web-6.0.8.jar:/Users/k_l_deepthi/.m2/repository/org/springframework/spring-beans/6.0.8/spring-beans-6.0.8.jar:/Users/k_l_deepthi/.m2/repository/io/micrometer/micrometer-observation/1.10.6/micrometer-observation-1.10.6.jar:/Users/k_l_deepthi/.m2/repository/io/micrometer/micrometer-commons/1.10.6/micrometer-commons-1.10.6.jar:/Users/k_l_deepthi/.m2/repository/org/springframework/spring-webmvc/6.0.8/spring-webmvc-6.0.8.jar:/Users/k_l_deepthi/.m2/repository/org/springframework/spring-aop/6.0.8/spring-aop-6.0.8.jar:/Users/k_l_deepthi/.m2/repository/org/springframework/spring-context/6.0.8/spring-context-6.0.8.jar:/Users/k_l_deepthi/.m2/repository/org/springframework/spring-expression/6.0.8/spring-expression-6.0.8.jar:/Users/k_l_deepthi/.m2/repository/org/jgrapht/jgrapht-core/1.5.1/jgrapht-core-1.5.1.jar:/Users/k_l_deepthi/.m2/repository/org/jheaps/jheaps/0.13/jheaps-0.13.jar:/Users/k_l_deepthi/.m2/repository/com/google/maps/google-maps-services/2.2.0/google-maps-services-2.2.0.jar:/Users/k_l_deepthi/.m2/repository/com/squareup/okhttp3/okhttp/4.10.0/okhttp-4.10.0.jar:/Users/k_l_deepthi/.m2/repository/com/squareup/okio/okio-jvm/3.0.0/okio-jvm-3.0.0.jar:/Users/k_l_deepthi/.m2/repository/org/jetbrains/kotlin/kotlin-stdlib-jdk8/1.7.22/kotlin-stdlib-jdk8-1.7.22.jar:/Users/k_l_deepthi/.m2/repository/org/jetbrains/kotlin/kotlin-stdlib-jdk7/1.7.22/kotlin-stdlib-jdk7-1.7.22.jar:/Users/k_l_deepthi/.m2/repository/org/jetbrains/kotlin/kotlin-stdlib-common/1.7.22/kotlin-stdlib-common-1.7.22.jar:/Users/k_l_deepthi/.m2/repository/org/jetbrains/kotlin/kotlin-stdlib/1.7.22/kotlin-stdlib-1.7.22.jar:/Users/k_l_deepthi/.m2/repository/org/jetbrains/annotations/13.0/annotations-13.0.jar:/Users/k_l_deepthi/.m2/repository/com/google/code/gson/gson/2.9.1/gson-2.9.1.jar:/Users/k_l_deepthi/.m2/repository/io/opencensus/opencensus-api/0.31.0/opencensus-api-0.31.0.jar:/Users/k_l_deepthi/.m2/repository/io/grpc/grpc-context/1.27.2/grpc-context-1.27.2.jar:/Users/k_l_deepthi/.m2/repository/org/slf4j/slf4j-api/2.0.7/slf4j-api-2.0.7.jar:/Users/k_l_deepthi/.m2/repository/org/slf4j/slf4j-simple/1.7.25/slf4j-simple-1.7.25.jar:/Users/k_l_deepthi/.m2/repository/org/springframework/boot/spring-boot-starter-test/3.0.6/spring-boot-starter-test-3.0.6.jar:/Users/k_l_deepthi/.m2/repository/org/springframework/boot/spring-boot-test/3.0.6/spring-boot-test-3.0.6.jar:/Users/k_l_deepthi/.m2/repository/org/springframework/boot/spring-boot-test-autoconfigure/3.0.6/spring-boot-test-autoconfigure-3.0.6.jar:/Users/k_l_deepthi/.m2/repository/com/jayway/jsonpath/json-path/2.7.0/json-path-2.7.0.jar:/Users/k_l_deepthi/.m2/repository/net/minidev/json-smart/2.4.10/json-smart-2.4.10.jar:/Users/k_l_deepthi/.m2/repository/net/minidev/accessors-smart/2.4.9/accessors-smart-2.4.9.jar:/Users/k_l_deepthi/.m2/repository/org/ow2/asm/asm/9.3/asm-9.3.jar:/Users/k_l_deepthi/.m2/repository/jakarta/xml/bind/jakarta.xml.bind-api/4.0.0/jakarta.xml.bind-api-4.0.0.jar:/Users/k_l_deepthi/.m2/repository/jakarta/activation/jakarta.activation-api/2.1.1/jakarta.activation-api-2.1.1.jar:/Users/k_l_deepthi/.m2/repository/org/hamcrest/hamcrest/2.2/hamcrest-2.2.jar:/Users/k_l_deepthi/.m2/repository/org/junit/jupiter/junit-jupiter/5.9.2/junit-jupiter-5.9.2.jar:/Users/k_l_deepthi/.m2/repository/org/junit/jupiter/junit-jupiter-api/5.9.2/junit-jupiter-api-5.9.2.jar:/Users/k_l_deepthi/.m2/repository/org/opentest4j/opentest4j/1.2.0/opentest4j-1.2.0.jar:/Users/k_l_deepthi/.m2/repository/org/junit/platform/junit-platform-commons/1.9.2/junit-platform-commons-1.9.2.jar:/Users/k_l_deepthi/.m2/repository/org/apiguardian/apiguardian-api/1.1.2/apiguardian-api-1.1.2.jar:/Users/k_l_deepthi/.m2/repository/org/junit/jupiter/junit-jupiter-params/5.9.2/junit-jupiter-params-5.9.2.jar:/Users/k_l_deepthi/.m2/repository/org/junit/jupiter/junit-jupiter-engine/5.9.2/junit-jupiter-engine-5.9.2.jar:/Users/k_l_deepthi/.m2/repository/org/junit/platform/junit-platform-engine/1.9.2/junit-platform-engine-1.9.2.jar:/Users/k_l_deepthi/.m2/repository/org/mockito/mockito-core/4.8.1/mockito-core-4.8.1.jar:/Users/k_l_deepthi/.m2/repository/net/bytebuddy/byte-buddy/1.12.23/byte-buddy-1.12.23.jar:/Users/k_l_deepthi/.m2/repository/net/bytebuddy/byte-buddy-agent/1.12.23/byte-buddy-agent-1.12.23.jar:/Users/k_l_deepthi/.m2/repository/org/objenesis/objenesis/3.2/objenesis-3.2.jar:/Users/k_l_deepthi/.m2/repository/org/mockito/mockito-junit-jupiter/4.8.1/mockito-junit-jupiter-4.8.1.jar:/Users/k_l_deepthi/.m2/repository/org/skyscreamer/jsonassert/1.5.1/jsonassert-1.5.1.jar:/Users/k_l_deepthi/.m2/repository/com/vaadin/external/google/android-json/0.0.20131108.vaadin1/android-json-0.0.20131108.vaadin1.jar:/Users/k_l_deepthi/.m2/repository/org/springframework/spring-core/6.0.8/spring-core-6.0.8.jar:/Users/k_l_deepthi/.m2/repository/org/springframework/spring-jcl/6.0.8/spring-jcl-6.0.8.jar:/Users/k_l_deepthi/.m2/repository/org/springframework/spring-test/6.0.8/spring-test-6.0.8.jar:/Users/k_l_deepthi/.m2/repository/org/xmlunit/xmlunit-core/2.9.1/xmlunit-core-2.9.1.jar:/Users/k_l_deepthi/.m2/repository/com/arkondata/slothql-cypher_2.13/0.2-dev-09889bb1/slothql-cypher_2.13-0.2-dev-09889bb1.jar:/Users/k_l_deepthi/.m2/repository/org/scala-lang/scala-library/2.13.8/scala-library-2.13.8.jar:/Users/k_l_deepthi/.m2/repository/org/scala-lang/scala-reflect/2.13.8/scala-reflect-2.13.8.jar:/Users/k_l_deepthi/.m2/repository/com/chuusai/shapeless_2.13/2.3.9/shapeless_2.13-2.3.9.jar:/Users/k_l_deepthi/.m2/repository/org/typelevel/cats-core_2.13/2.7.0/cats-core_2.13-2.7.0.jar:/Users/k_l_deepthi/.m2/repository/org/typelevel/cats-kernel_2.13/2.7.0/cats-kernel_2.13-2.7.0.jar:/Users/k_l_deepthi/.m2/repository/org/typelevel/simulacrum-scalafix-annotations_2.13/0.5.4/simulacrum-scalafix-annotations_2.13-0.5.4.jar:/Users/k_l_deepthi/.m2/repository/org/typelevel/cats-free_2.13/2.7.0/cats-free_2.13-2.7.0.jar:/Users/k_l_deepthi/.m2/repository/org/typelevel/cats-effect_2.13/3.3.4/cats-effect_2.13-3.3.4.jar:/Users/k_l_deepthi/.m2/repository/org/typelevel/cats-effect-kernel_2.13/3.3.4/cats-effect-kernel_2.13-3.3.4.jar:/Users/k_l_deepthi/.m2/repository/org/typelevel/cats-effect-std_2.13/3.3.4/cats-effect-std_2.13-3.3.4.jar:/Users/k_l_deepthi/.m2/repository/co/fs2/fs2-core_2.13/3.2.0/fs2-core_2.13-3.2.0.jar:/Users/k_l_deepthi/.m2/repository/org/scodec/scodec-bits_2.13/1.1.29/scodec-bits_2.13-1.1.29.jar:/Users/k_l_deepthi/.m2/repository/co/fs2/fs2-reactive-streams_2.13/3.2.0/fs2-reactive-streams_2.13-3.2.0.jar:/Users/k_l_deepthi/.m2/repository/org/reactivestreams/reactive-streams/1.0.4/reactive-streams-1.0.4.jar:/Users/k_l_deepthi/.m2/repository/org/neo4j/driver/neo4j-java-driver/5.7.0/neo4j-java-driver-5.7.0.jar:/Users/k_l_deepthi/.m2/repository/io/netty/netty-handler/4.1.91.Final/netty-handler-4.1.91.Final.jar:/Users/k_l_deepthi/.m2/repository/io/netty/netty-common/4.1.91.Final/netty-common-4.1.91.Final.jar:/Users/k_l_deepthi/.m2/repository/io/netty/netty-resolver/4.1.91.Final/netty-resolver-4.1.91.Final.jar:/Users/k_l_deepthi/.m2/repository/io/netty/netty-buffer/4.1.91.Final/netty-buffer-4.1.91.Final.jar:/Users/k_l_deepthi/.m2/repository/io/netty/netty-transport/4.1.91.Final/netty-transport-4.1.91.Final.jar:/Users/k_l_deepthi/.m2/repository/io/netty/netty-transport-native-unix-common/4.1.91.Final/netty-transport-native-unix-common-4.1.91.Final.jar:/Users/k_l_deepthi/.m2/repository/io/netty/netty-codec/4.1.91.Final/netty-codec-4.1.91.Final.jar:/Users/k_l_deepthi/.m2/repository/io/netty/netty-tcnative-classes/2.0.59.Final/netty-tcnative-classes-2.0.59.Final.jar:/Users/k_l_deepthi/.m2/repository/io/projectreactor/reactor-core/3.5.5/reactor-core-3.5.5.jar:/Users/k_l_deepthi/.m2/repository/org/assertj/assertj-core/3.13.2/assertj-core-3.13.2.jar:/Users/k_l_deepthi/.m2/repository/org/jgrapht/jgrapht-jdk1.5/0.7.3/jgrapht-jdk1.5-0.7.3.jar:"/>
    <property name="sun.cpu.endian" value="little"/>
    <property name="user.home" value="/Users/k_l_deepthi"/>
    <property name="user.language" value="en"/>
    <property name="java.specification.vendor" value="Oracle Corporation"/>
    <property name="java.version.date" value="2023-04-18"/>
    <property name="java.home" value="/Library/Java/JavaVirtualMachines/jdk-17.jdk/Contents/Home"/>
    <property name="file.separator" value="/"/>
    <property name="basedir" value="/Users/k_l_deepthi/Documents/new_elena/Elena/Elena-Backend"/>
    <property name="java.vm.compressedOopsMode" value="Zero based"/>
    <property name="line.separator" value="&#10;"/>
    <property name="java.specification.name" value="Java Platform API Specification"/>
    <property name="java.vm.specification.vendor" value="Oracle Corporation"/>
    <property name="surefire.real.class.path" value="/Users/k_l_deepthi/Documents/new_elena/Elena/Elena-Backend/target/surefire/surefirebooter9932048054421960726.jar"/>
    <property name="sun.management.compiler" value="HotSpot 64-Bit Tiered Compilers"/>
    <property name="ftp.nonProxyHosts" value="local|*.local|169.254/16|*.169.254/16"/>
    <property name="java.runtime.version" value="17.0.7+8-LTS-224"/>
    <property name="user.name" value="k_l_deepthi"/>
    <property name="path.separator" value=":"/>
    <property name="os.version" value="13.3.1"/>
    <property name="java.runtime.name" value="Java(TM) SE Runtime Environment"/>
    <property name="file.encoding" value="UTF-8"/>
    <property name="java.vm.name" value="Java HotSpot(TM) 64-Bit Server VM"/>
    <property name="localRepository" value="/Users/k_l_deepthi/.m2/repository"/>
    <property name="java.vendor.url.bug" value="https://bugreport.java.com/bugreport/"/>
    <property name="java.io.tmpdir" value="/var/folders/kr/pmp9klmn64n68pr8lthvmkh00000gn/T/"/>
    <property name="java.version" value="17.0.7"/>
    <property name="user.dir" value="/Users/k_l_deepthi/Documents/new_elena/Elena/Elena-Backend"/>
    <property name="os.arch" value="aarch64"/>
    <property name="java.vm.specification.name" value="Java Virtual Machine Specification"/>
    <property name="native.encoding" value="UTF-8"/>
    <property name="java.library.path" value="/Users/k_l_deepthi/Library/Java/Extensions:/Library/Java/Extensions:/Network/Library/Java/Extensions:/System/Library/Java/Extensions:/usr/lib/java:."/>
    <property name="java.vm.info" value="mixed mode, sharing"/>
    <property name="java.vendor" value="Oracle Corporation"/>
    <property name="java.vm.version" value="17.0.7+8-LTS-224"/>
    <property name="sun.io.unicode.encoding" value="UnicodeBig"/>
    <property name="socksNonProxyHosts" value="local|*.local|169.254/16|*.169.254/16"/>
    <property name="java.class.version" value="61.0"/>
  </properties>
  <testcase name="contextLoads" classname="com.umass.elena.ElenaApplicationTests" time="0.143"/>
</testsuite>